<?xml version="1.0" encoding="UTF-8"?>
<testng-results ignored="0" total="1" passed="1" failed="0" skipped="0">
  <reporter-output>
  </reporter-output>
  <suite started-at="2022-03-24T13:50:57 IST" name="Default suite" finished-at="2022-03-24T13:50:57 IST" duration-ms="65">
    <groups>
    </groups>
    <test started-at="2022-03-24T13:50:57 IST" name="Default test" finished-at="2022-03-24T13:50:57 IST" duration-ms="65">
      <class name="wo.CreateCampaignTest">
        <test-method signature="campaign()[pri:0, instance:wo.CreateCampaignTest@51dcb805]" started-at="2022-03-24T13:50:57 IST" name="campaign" finished-at="2022-03-24T13:50:57 IST" duration-ms="12" status="PASS">
          <reporter-output>
          </reporter-output>
        </test-method> <!-- campaign -->
      </class> <!-- wo.CreateCampaignTest -->
    </test> <!-- Default test -->
  </suite> <!-- Default suite -->
</testng-results>
